2022-06-30 11:10:39,103 INFO com.onlinemuseum.OnlineMuseumApplication [restartedMain] Starting OnlineMuseumApplication using Java 17.0.3.1 on DESKTOP-8T30HSS with PID 16396 (C:\Users\narek\IdeaProjects\OnlineMuseum\target\classes started by Narek in C:\Users\narek\IdeaProjects\OnlineMuseum)
2022-06-30 11:10:39,105 INFO com.onlinemuseum.OnlineMuseumApplication [restartedMain] No active profile set, falling back to 1 default profile: "default"
2022-06-30 11:10:39,156 INFO org.springframework.boot.devtools.env.DevToolsPropertyDefaultsPostProcessor [restartedMain] Devtools property defaults active! Set 'spring.devtools.add-properties' to 'false' to disable
2022-06-30 11:10:39,157 INFO org.springframework.boot.devtools.env.DevToolsPropertyDefaultsPostProcessor [restartedMain] For additional web related logging consider setting the 'logging.level.web' property to 'DEBUG'
2022-06-30 11:10:39,754 INFO org.springframework.data.repository.config.RepositoryConfigurationDelegate [restartedMain] Bootstrapping Spring Data JPA repositories in DEFAULT mode.
2022-06-30 11:10:39,825 INFO org.springframework.data.repository.config.RepositoryConfigurationDelegate [restartedMain] Finished Spring Data repository scanning in 65 ms. Found 8 JPA repository interfaces.
2022-06-30 11:10:40,300 INFO org.springframework.boot.web.embedded.tomcat.TomcatWebServer [restartedMain] Tomcat initialized with port(s): 8080 (http)
2022-06-30 11:10:40,306 INFO org.apache.catalina.core.StandardService [restartedMain] Starting service [Tomcat]
2022-06-30 11:10:40,307 INFO org.apache.catalina.core.StandardEngine [restartedMain] Starting Servlet engine: [Apache Tomcat/9.0.63]
2022-06-30 11:10:40,382 INFO org.apache.catalina.core.ContainerBase.[Tomcat].[localhost].[/] [restartedMain] Initializing Spring embedded WebApplicationContext
2022-06-30 11:10:40,382 INFO org.springframework.boot.web.servlet.context.ServletWebServerApplicationContext [restartedMain] Root WebApplicationContext: initialization completed in 1224 ms
2022-06-30 11:10:40,684 INFO com.zaxxer.hikari.HikariDataSource [restartedMain] HikariPool-1 - Starting...
2022-06-30 11:10:40,980 INFO com.zaxxer.hikari.HikariDataSource [restartedMain] HikariPool-1 - Start completed.
2022-06-30 11:10:41,636 INFO org.springframework.orm.jpa.LocalContainerEntityManagerFactoryBean [restartedMain] Initialized JPA EntityManagerFactory for persistence unit 'default'
2022-06-30 11:10:42,008 WARN org.springframework.boot.autoconfigure.orm.jpa.JpaBaseConfiguration$JpaWebConfiguration [restartedMain] spring.jpa.open-in-view is enabled by default. Therefore, database queries may be performed during view rendering. Explicitly configure spring.jpa.open-in-view to disable this warning
2022-06-30 11:10:42,421 INFO org.springframework.security.web.DefaultSecurityFilterChain [restartedMain] Will secure any request with [org.springframework.security.web.session.DisableEncodeUrlFilter@3c30bd54, org.springframework.security.web.context.request.async.WebAsyncManagerIntegrationFilter@5a6eba73, org.springframework.security.web.context.SecurityContextPersistenceFilter@72c5bda2, org.springframework.security.web.header.HeaderWriterFilter@74146241, org.springframework.web.filter.CorsFilter@5a820991, org.springframework.security.web.authentication.logout.LogoutFilter@251c91cd, com.onlinemuseum.filter.JwtFilter@12704573, org.springframework.security.web.savedrequest.RequestCacheAwareFilter@2e217068, org.springframework.security.web.servletapi.SecurityContextHolderAwareRequestFilter@966a6bc, org.springframework.security.web.authentication.AnonymousAuthenticationFilter@619a6ea0, org.springframework.security.web.session.SessionManagementFilter@7bfaba6a, org.springframework.security.web.access.ExceptionTranslationFilter@a3bea53, org.springframework.security.web.access.intercept.FilterSecurityInterceptor@7ed0a2c1]
2022-06-30 11:10:42,753 INFO org.springframework.boot.devtools.autoconfigure.OptionalLiveReloadServer [restartedMain] LiveReload server is running on port 35729
2022-06-30 11:10:42,794 INFO org.springframework.boot.web.embedded.tomcat.TomcatWebServer [restartedMain] Tomcat started on port(s): 8080 (http) with context path ''
2022-06-30 11:10:42,809 INFO com.onlinemuseum.OnlineMuseumApplication [restartedMain] Started OnlineMuseumApplication in 4.113 seconds (JVM running for 5.03)
2022-06-30 11:10:49,719 INFO org.springframework.orm.jpa.LocalContainerEntityManagerFactoryBean [SpringApplicationShutdownHook] Closing JPA EntityManagerFactory for persistence unit 'default'
2022-06-30 11:10:49,727 INFO com.zaxxer.hikari.HikariDataSource [SpringApplicationShutdownHook] HikariPool-1 - Shutdown initiated...
2022-06-30 11:10:49,736 INFO com.zaxxer.hikari.HikariDataSource [SpringApplicationShutdownHook] HikariPool-1 - Shutdown completed.
2022-06-30 11:11:50,475 INFO com.onlinemuseum.OnlineMuseumApplication [restartedMain] Starting OnlineMuseumApplication using Java 11.0.13 on DESKTOP-8T30HSS with PID 6416 (C:\Users\narek\IdeaProjects\OnlineMuseum\target\classes started by Narek in C:\Users\narek\IdeaProjects\OnlineMuseum)
2022-06-30 11:11:50,477 INFO com.onlinemuseum.OnlineMuseumApplication [restartedMain] No active profile set, falling back to 1 default profile: "default"
2022-06-30 11:11:50,529 INFO org.springframework.boot.devtools.env.DevToolsPropertyDefaultsPostProcessor [restartedMain] Devtools property defaults active! Set 'spring.devtools.add-properties' to 'false' to disable
2022-06-30 11:11:50,530 INFO org.springframework.boot.devtools.env.DevToolsPropertyDefaultsPostProcessor [restartedMain] For additional web related logging consider setting the 'logging.level.web' property to 'DEBUG'
2022-06-30 11:11:51,126 INFO org.springframework.data.repository.config.RepositoryConfigurationDelegate [restartedMain] Bootstrapping Spring Data JPA repositories in DEFAULT mode.
2022-06-30 11:11:51,200 INFO org.springframework.data.repository.config.RepositoryConfigurationDelegate [restartedMain] Finished Spring Data repository scanning in 69 ms. Found 8 JPA repository interfaces.
2022-06-30 11:11:51,691 INFO org.springframework.boot.web.embedded.tomcat.TomcatWebServer [restartedMain] Tomcat initialized with port(s): 8080 (http)
2022-06-30 11:11:51,697 INFO org.apache.catalina.core.StandardService [restartedMain] Starting service [Tomcat]
2022-06-30 11:11:51,698 INFO org.apache.catalina.core.StandardEngine [restartedMain] Starting Servlet engine: [Apache Tomcat/9.0.63]
2022-06-30 11:11:51,780 INFO org.apache.catalina.core.ContainerBase.[Tomcat].[localhost].[/] [restartedMain] Initializing Spring embedded WebApplicationContext
2022-06-30 11:11:51,780 INFO org.springframework.boot.web.servlet.context.ServletWebServerApplicationContext [restartedMain] Root WebApplicationContext: initialization completed in 1249 ms
2022-06-30 11:11:52,069 INFO com.zaxxer.hikari.HikariDataSource [restartedMain] HikariPool-1 - Starting...
2022-06-30 11:11:52,334 INFO com.zaxxer.hikari.HikariDataSource [restartedMain] HikariPool-1 - Start completed.
2022-06-30 11:11:52,969 INFO org.springframework.orm.jpa.LocalContainerEntityManagerFactoryBean [restartedMain] Initialized JPA EntityManagerFactory for persistence unit 'default'
2022-06-30 11:11:53,358 WARN org.springframework.boot.autoconfigure.orm.jpa.JpaBaseConfiguration$JpaWebConfiguration [restartedMain] spring.jpa.open-in-view is enabled by default. Therefore, database queries may be performed during view rendering. Explicitly configure spring.jpa.open-in-view to disable this warning
2022-06-30 11:11:53,747 INFO org.springframework.security.web.DefaultSecurityFilterChain [restartedMain] Will secure any request with [org.springframework.security.web.session.DisableEncodeUrlFilter@3f683927, org.springframework.security.web.context.request.async.WebAsyncManagerIntegrationFilter@3c43b98b, org.springframework.security.web.context.SecurityContextPersistenceFilter@1c3976b2, org.springframework.security.web.header.HeaderWriterFilter@3b742456, org.springframework.web.filter.CorsFilter@75a56222, org.springframework.security.web.authentication.logout.LogoutFilter@41a3633b, com.onlinemuseum.filter.JwtFilter@78b2cb92, org.springframework.security.web.savedrequest.RequestCacheAwareFilter@1ca68a2f, org.springframework.security.web.servletapi.SecurityContextHolderAwareRequestFilter@57fb9edf, org.springframework.security.web.authentication.AnonymousAuthenticationFilter@32ba5491, org.springframework.security.web.session.SessionManagementFilter@45840dff, org.springframework.security.web.access.ExceptionTranslationFilter@17330487, org.springframework.security.web.access.intercept.FilterSecurityInterceptor@6010cdca]
2022-06-30 11:11:54,080 INFO org.springframework.boot.devtools.autoconfigure.OptionalLiveReloadServer [restartedMain] LiveReload server is running on port 35729
2022-06-30 11:11:54,114 INFO org.springframework.boot.web.embedded.tomcat.TomcatWebServer [restartedMain] Tomcat started on port(s): 8080 (http) with context path ''
2022-06-30 11:11:54,123 INFO com.onlinemuseum.OnlineMuseumApplication [restartedMain] Started OnlineMuseumApplication in 4.032 seconds (JVM running for 5.088)
2022-06-30 11:12:16,630 INFO org.springframework.orm.jpa.LocalContainerEntityManagerFactoryBean [SpringApplicationShutdownHook] Closing JPA EntityManagerFactory for persistence unit 'default'
2022-06-30 11:12:16,635 INFO com.zaxxer.hikari.HikariDataSource [SpringApplicationShutdownHook] HikariPool-1 - Shutdown initiated...
2022-06-30 11:12:16,645 INFO com.zaxxer.hikari.HikariDataSource [SpringApplicationShutdownHook] HikariPool-1 - Shutdown completed.
